<?xml version="1.0" encoding="UTF-8"?>
<!-- Generated by org.testng.reporters.JUnitReportReporter -->
<testsuite hostname="LAPTOP-O054QN8E" failures="0" tests="3" name="automationtestsuite.SkipTestCases" time="6.264" errors="0" timestamp="2025-03-24T16:42:37 GMT-06:00" skipped="3">
  <testcase classname="automationtestsuite.SkipTestCases" name="SkipTC3_DropDownCheck" time="0.002">
    <skipped/>
  </testcase> <!-- SkipTC3_DropDownCheck -->
  <system-out/>
  <testcase classname="automationtestsuite.SkipTestCases" name="SkipTC2_InputCheck" time="6.262">
    <skipped/>
  </testcase> <!-- SkipTC2_InputCheck -->
  <system-out/>
  <testcase classname="automationtestsuite.SkipTestCases" name="SkipTC1_Registration">
    <skipped/>
  </testcase> <!-- SkipTC1_Registration -->
  <system-out/>
</testsuite> <!-- automationtestsuite.SkipTestCases -->
