<?xml version="1.0" encoding="UTF-8"?>
<!-- Generated by org.testng.reporters.JUnitReportReporter -->
<testsuite hostname="LAPTOP-O054QN8E" failures="0" tests="3" name="automationtestsuite.TestCaseGrouping" time="15.749" errors="0" timestamp="2025-03-19T15:56:07 GMT-06:00" skipped="0">
  <testcase classname="automationtestsuite.TestCaseGrouping" name="VerifyDropDownMenu" time="4.588"/>
  <system-out/>
  <testcase classname="automationtestsuite.TestCaseGrouping" name="RegressionTest" time="6.518"/>
  <system-out/>
  <testcase classname="automationtestsuite.TestCaseGrouping" name="VerifyInputFields" time="4.643"/>
  <system-out/>
</testsuite> <!-- automationtestsuite.TestCaseGrouping -->
