<?xml version="1.0" encoding="UTF-8"?>
<!-- Generated by org.testng.reporters.JUnitReportReporter -->
<testsuite hostname="LAPTOP-O054QN8E" failures="0" tests="3" name="automationtestsuite.DataProviderDemo" time="8.707" errors="0" timestamp="2025-03-25T13:23:19 GMT-06:00" skipped="0">
  <testcase classname="automationtestsuite.DataProviderDemo" name="TestingLogin" time="1.828"/>
  <system-out/>
  <testcase classname="automationtestsuite.DataProviderDemo" name="TestingLogin" time="5.052"/>
  <system-out/>
  <testcase classname="automationtestsuite.DataProviderDemo" name="TestingLogin" time="1.827"/>
  <system-out/>
</testsuite> <!-- automationtestsuite.DataProviderDemo -->
