<?xml version="1.0" encoding="UTF-8"?>
<!-- Generated by org.testng.reporters.JUnitReportReporter -->
<testsuite hostname="LAPTOP-O054QN8E" failures="0" tests="4" name="automationtestsuite.DataProviderUseCase" time="0.015" errors="0" timestamp="2025-03-24T16:50:15 GMT-06:00" skipped="0">
  <testcase classname="automationtestsuite.DataProviderUseCase" name="TestDataset_2" time="0.002"/>
  <system-out/>
  <testcase classname="automationtestsuite.DataProviderUseCase" name="TestDataset_2" time="0.001"/>
  <system-out/>
  <testcase classname="automationtestsuite.DataProviderUseCase" name="TestDataset_1" time="0.001"/>
  <system-out/>
  <testcase classname="automationtestsuite.DataProviderUseCase" name="TestDataset_1" time="0.011"/>
  <system-out/>
</testsuite> <!-- automationtestsuite.DataProviderUseCase -->
